app/build/intermediates/manifest_merge_blame_file/debug/processDebugMainManifest/manifest-merger-blame-debug-report.txt
1<?xml version="1.0" encoding="utf-8"?>
2<!--
3/* //device/apps/Calendar/AndroidManifest.xml
4**
5** Copyright 2006, The Android Open Source Project
6**
7** Licensed under the Apache License, Version 2.0 (the "License");
8** you may not use this file except in compliance with the License.
9** You may obtain a copy of the License at
10**
11**     http://www.apache.org/licenses/LICENSE-2.0
12**
13** Unless required by applicable law or agreed to in writing, software
14** distributed under the License is distributed on an "AS IS" BASIS,
15** WITHOUT WARRANTIES OR CONDITIONS OF ANY KIND, either express or implied.
16** See the License for the specific language governing permissions and
17** limitations under the License.
18*/
19-->
20<manifest xmlns:android="http://schemas.android.com/apk/res/android"
21    package="ws.xsoh.etar.debug"
22    android:installLocation="auto"
23    android:versionCode="52"
24    android:versionName="1.0.52" >
25
26    <uses-sdk
27        android:minSdkVersion="23"
28        android:targetSdkVersion="35" />
29
30    <uses-permission android:name="android.permission.WRITE_EXTERNAL_STORAGE" />
30-->src\main\AndroidManifest.xml:23:5-81
30-->src\main\AndroidManifest.xml:23:22-78
31    <uses-permission android:name="android.permission.GET_ACCOUNTS" />
31-->src\main\AndroidManifest.xml:24:5-71
31-->src\main\AndroidManifest.xml:24:22-68
32    <uses-permission android:name="android.permission.VIBRATE" />
32-->src\main\AndroidManifest.xml:25:5-65
32-->src\main\AndroidManifest.xml:25:22-63
33    <uses-permission android:name="android.permission.READ_CONTACTS" />
33-->src\main\AndroidManifest.xml:26:5-71
33-->src\main\AndroidManifest.xml:26:22-69
34    <uses-permission android:name="android.permission.READ_CALENDAR" />
34-->src\main\AndroidManifest.xml:27:5-72
34-->src\main\AndroidManifest.xml:27:22-69
35    <uses-permission android:name="android.permission.WRITE_CALENDAR" />
35-->src\main\AndroidManifest.xml:28:5-73
35-->src\main\AndroidManifest.xml:28:22-70
36    <uses-permission android:name="android.permission.WAKE_LOCK" />
36-->src\main\AndroidManifest.xml:29:5-68
36-->src\main\AndroidManifest.xml:29:22-65
37    <uses-permission android:name="android.permission.READ_SYNC_SETTINGS" />
37-->src\main\AndroidManifest.xml:30:5-77
37-->src\main\AndroidManifest.xml:30:22-74
38    <uses-permission android:name="android.permission.FOREGROUND_SERVICE" />
38-->src\main\AndroidManifest.xml:31:5-77
38-->src\main\AndroidManifest.xml:31:22-74
39    <uses-permission android:name="android.permission.FOREGROUND_SERVICE_SYSTEM_EXEMPTED" />
39-->src\main\AndroidManifest.xml:32:5-93
39-->src\main\AndroidManifest.xml:32:22-90
40    <uses-permission android:name="android.permission.SCHEDULE_EXACT_ALARM" />
40-->src\main\AndroidManifest.xml:33:5-79
40-->src\main\AndroidManifest.xml:33:22-76
41    <uses-permission android:name="android.permission.REQUEST_IGNORE_BATTERY_OPTIMIZATIONS" />
41-->src\main\AndroidManifest.xml:34:5-94
41-->src\main\AndroidManifest.xml:34:22-92
42    <uses-permission android:name="android.permission.POST_NOTIFICATIONS" />
42-->src\main\AndroidManifest.xml:35:5-76
42-->src\main\AndroidManifest.xml:35:22-74
43    <uses-permission android:name="android.permission.INTERNET" />
43-->src\main\AndroidManifest.xml:36:5-67
43-->src\main\AndroidManifest.xml:36:22-64
44
45    <queries>
45-->src\main\AndroidManifest.xml:39:5-55:15
46        <intent>
46-->src\main\AndroidManifest.xml:40:9-42:18
47            <action android:name="android.content.SyncAdapter" />
47-->src\main\AndroidManifest.xml:41:13-66
47-->src\main\AndroidManifest.xml:41:21-63
48        </intent>
49        <intent>
49-->src\main\AndroidManifest.xml:44:9-48:18
50            <action android:name="android.intent.action.VIEW" />
50-->src\main\AndroidManifest.xml:45:13-65
50-->src\main\AndroidManifest.xml:45:21-62
51
52            <category android:name="android.intent.category.BROWSABLE" />
52-->src\main\AndroidManifest.xml:46:13-74
52-->src\main\AndroidManifest.xml:46:23-71
53
54            <data android:scheme="http" />
54-->src\main\AndroidManifest.xml:47:13-43
54-->src\main\AndroidManifest.xml:47:19-40
55        </intent>
56        <intent>
56-->src\main\AndroidManifest.xml:50:9-54:18
57            <action android:name="android.intent.action.VIEW" />
57-->src\main\AndroidManifest.xml:45:13-65
57-->src\main\AndroidManifest.xml:45:21-62
58
59            <category android:name="android.intent.category.BROWSABLE" />
59-->src\main\AndroidManifest.xml:46:13-74
59-->src\main\AndroidManifest.xml:46:23-71
60
61            <data android:scheme="https" />
61-->src\main\AndroidManifest.xml:47:13-43
61-->src\main\AndroidManifest.xml:47:19-40
62        </intent>
63
64        <package android:name="androidx.test.orchestrator" />
64-->[androidx.test:runner:1.7.0] AndroidManifest.xml:25:9-62
64-->[androidx.test:runner:1.7.0] AndroidManifest.xml:25:18-59
65        <package android:name="androidx.test.services" />
65-->[androidx.test:runner:1.7.0] AndroidManifest.xml:26:9-58
65-->[androidx.test:runner:1.7.0] AndroidManifest.xml:26:18-55
66        <package android:name="com.google.android.apps.common.testing.services" />
66-->[androidx.test:runner:1.7.0] AndroidManifest.xml:27:9-83
66-->[androidx.test:runner:1.7.0] AndroidManifest.xml:27:18-80
67    </queries>
68
69    <permission
69-->[androidx.core:core:1.13.1] AndroidManifest.xml:22:5-24:47
70        android:name="ws.xsoh.etar.debug.DYNAMIC_RECEIVER_NOT_EXPORTED_PERMISSION"
70-->[androidx.core:core:1.13.1] AndroidManifest.xml:23:9-81
71        android:protectionLevel="signature" />
71-->[androidx.core:core:1.13.1] AndroidManifest.xml:24:9-44
72
73    <uses-permission android:name="ws.xsoh.etar.debug.DYNAMIC_RECEIVER_NOT_EXPORTED_PERMISSION" />
73-->[androidx.core:core:1.13.1] AndroidManifest.xml:26:5-97
73-->[androidx.core:core:1.13.1] AndroidManifest.xml:26:22-94
74
75    <application
75-->src\main\AndroidManifest.xml:57:5-315:19
76        android:name="com.android.calendar.CalendarApplication"
76-->src\main\AndroidManifest.xml:57:18-73
77        android:appComponentFactory="androidx.core.app.CoreComponentFactory"
77-->[androidx.core:core:1.13.1] AndroidManifest.xml:28:18-86
78        android:debuggable="true"
79        android:extractNativeLibs="false"
80        android:hardwareAccelerated="true"
80-->src\main\AndroidManifest.xml:59:9-43
81        android:icon="@mipmap/ic_launcher"
81-->src\main\AndroidManifest.xml:60:9-43
82        android:label="@string/standalone_app_label"
82-->src\main\AndroidManifest.xml:61:9-53
83        android:localeConfig="@xml/_generated_res_locale_config"
84        android:requestLegacyExternalStorage="true"
84-->src\main\AndroidManifest.xml:58:9-52
85        android:requiredAccountType="*"
85-->src\main\AndroidManifest.xml:63:9-40
86        android:taskAffinity="ws.xsoh.etar.task"
86-->src\main\AndroidManifest.xml:62:9-49
87        android:testOnly="true"
88        android:theme="@style/Theme.Etar"
88-->src\main\AndroidManifest.xml:65:9-42
89        android:usesCleartextTraffic="false" >
89-->src\main\AndroidManifest.xml:64:9-45
90        <activity
90-->src\main\AndroidManifest.xml:67:9-89:20
91            android:name="com.android.calendar.AllInOneActivity"
91-->src\main\AndroidManifest.xml:68:13-65
92            android:exported="true"
92-->src\main\AndroidManifest.xml:69:13-36
93            android:launchMode="singleTask"
93-->src\main\AndroidManifest.xml:70:13-44
94            android:windowSoftInputMode="adjustPan" >
94-->src\main\AndroidManifest.xml:71:13-52
95            <intent-filter>
95-->src\main\AndroidManifest.xml:72:13-77:29
96                <action android:name="android.intent.action.MAIN" />
96-->src\main\AndroidManifest.xml:73:17-69
96-->src\main\AndroidManifest.xml:73:25-66
97
98                <category android:name="android.intent.category.DEFAULT" />
98-->src\main\AndroidManifest.xml:74:17-76
98-->src\main\AndroidManifest.xml:74:27-73
99                <category android:name="android.intent.category.LAUNCHER" />
99-->src\main\AndroidManifest.xml:75:17-77
99-->src\main\AndroidManifest.xml:75:27-74
100                <category android:name="android.intent.category.APP_CALENDAR" />
100-->src\main\AndroidManifest.xml:76:17-81
100-->src\main\AndroidManifest.xml:76:27-78
101            </intent-filter>
102            <intent-filter>
102-->src\main\AndroidManifest.xml:78:13-84:29
103                <action android:name="android.intent.action.VIEW" />
103-->src\main\AndroidManifest.xml:45:13-65
103-->src\main\AndroidManifest.xml:45:21-62
104
105                <category android:name="android.intent.category.DEFAULT" />
105-->src\main\AndroidManifest.xml:74:17-76
105-->src\main\AndroidManifest.xml:74:27-73
106
107                <data android:mimeType="time/epoch" />
107-->src\main\AndroidManifest.xml:47:13-43
107-->src\main\AndroidManifest.xml:81:23-52
108                <data android:host="com.android.calendar" />
108-->src\main\AndroidManifest.xml:47:13-43
108-->src\main\AndroidManifest.xml:82:23-58
109                <data android:scheme="content" />
109-->src\main\AndroidManifest.xml:47:13-43
109-->src\main\AndroidManifest.xml:47:19-40
110            </intent-filter>
111
112            <meta-data
112-->src\main\AndroidManifest.xml:86:13-87:53
113                android:name="android.app.shortcuts"
113-->src\main\AndroidManifest.xml:86:24-60
114                android:resource="@xml/shortcuts" />
114-->src\main\AndroidManifest.xml:87:17-50
115        </activity>
116
117        <activity-alias
117-->src\main\AndroidManifest.xml:91:9-94:26
118            android:name="com.android.calendar.LaunchActivity"
118-->src\main\AndroidManifest.xml:91:25-75
119            android:exported="true"
119-->src\main\AndroidManifest.xml:92:13-36
120            android:targetActivity="com.android.calendar.AllInOneActivity" >
120-->src\main\AndroidManifest.xml:93:13-75
121        </activity-alias>
122
123        <activity android:name="com.android.calendar.AboutActivity" >
123-->src\main\AndroidManifest.xml:96:9-97:20
123-->src\main\AndroidManifest.xml:96:19-68
124        </activity>
125        <activity
125-->src\main\AndroidManifest.xml:99:9-111:20
126            android:name="com.android.calendar.EventInfoActivity"
126-->src\main\AndroidManifest.xml:99:19-72
127            android:exported="true"
127-->src\main\AndroidManifest.xml:100:13-36
128            android:parentActivityName="com.android.calendar.AllInOneActivity" >
128-->src\main\AndroidManifest.xml:101:13-79
129            <intent-filter>
129-->src\main\AndroidManifest.xml:102:13-105:29
130                <action android:name="android.intent.action.VIEW" />
130-->src\main\AndroidManifest.xml:45:13-65
130-->src\main\AndroidManifest.xml:45:21-62
131
132                <category android:name="android.intent.category.DEFAULT" />
132-->src\main\AndroidManifest.xml:74:17-76
132-->src\main\AndroidManifest.xml:74:27-73
133            </intent-filter>
134            <intent-filter>
134-->src\main\AndroidManifest.xml:106:13-110:29
135                <action android:name="android.intent.action.VIEW" />
135-->src\main\AndroidManifest.xml:45:13-65
135-->src\main\AndroidManifest.xml:45:21-62
136
137                <category android:name="android.intent.category.DEFAULT" />
137-->src\main\AndroidManifest.xml:74:17-76
137-->src\main\AndroidManifest.xml:74:27-73
138
139                <data android:mimeType="vnd.android.cursor.item/event" />
139-->src\main\AndroidManifest.xml:47:13-43
139-->src\main\AndroidManifest.xml:81:23-52
140            </intent-filter>
141        </activity>
142        <activity
142-->src\main\AndroidManifest.xml:113:9-115:20
143            android:name="com.android.calendar.event.EditEventActivity"
143-->src\main\AndroidManifest.xml:113:19-78
144            android:configChanges="keyboardHidden|orientation|screenSize" >
144-->src\main\AndroidManifest.xml:114:13-74
145        </activity>
146
147        <activity-alias
147-->src\main\AndroidManifest.xml:117:9-132:26
148            android:name="com.android.calendar.EditEventActivity"
148-->src\main\AndroidManifest.xml:117:25-78
149            android:exported="true"
149-->src\main\AndroidManifest.xml:118:13-36
150            android:targetActivity="com.android.calendar.event.EditEventActivity" >
150-->src\main\AndroidManifest.xml:119:13-82
151            <intent-filter>
151-->src\main\AndroidManifest.xml:120:13-125:29
152                <action android:name="android.intent.action.EDIT" />
152-->src\main\AndroidManifest.xml:121:17-69
152-->src\main\AndroidManifest.xml:121:25-66
153                <action android:name="android.intent.action.INSERT" />
153-->src\main\AndroidManifest.xml:122:17-71
153-->src\main\AndroidManifest.xml:122:25-68
154
155                <category android:name="android.intent.category.DEFAULT" />
155-->src\main\AndroidManifest.xml:74:17-76
155-->src\main\AndroidManifest.xml:74:27-73
156
157                <data android:mimeType="vnd.android.cursor.item/event" />
157-->src\main\AndroidManifest.xml:47:13-43
157-->src\main\AndroidManifest.xml:81:23-52
158            </intent-filter>
159            <intent-filter>
159-->src\main\AndroidManifest.xml:126:13-131:29
160                <action android:name="android.intent.action.EDIT" />
160-->src\main\AndroidManifest.xml:121:17-69
160-->src\main\AndroidManifest.xml:121:25-66
161                <action android:name="android.intent.action.INSERT" />
161-->src\main\AndroidManifest.xml:122:17-71
161-->src\main\AndroidManifest.xml:122:25-68
162
163                <category android:name="android.intent.category.DEFAULT" />
163-->src\main\AndroidManifest.xml:74:17-76
163-->src\main\AndroidManifest.xml:74:27-73
164
165                <data android:mimeType="vnd.android.cursor.dir/event" />
165-->src\main\AndroidManifest.xml:47:13-43
165-->src\main\AndroidManifest.xml:81:23-52
166            </intent-filter>
167        </activity-alias>
168
169        <activity
169-->src\main\AndroidManifest.xml:134:9-164:20
170            android:name="com.android.calendar.GoogleCalendarUriIntentFilter"
170-->src\main\AndroidManifest.xml:135:13-78
171            android:configChanges="orientation|keyboardHidden"
171-->src\main\AndroidManifest.xml:137:13-63
172            android:exported="true"
172-->src\main\AndroidManifest.xml:136:13-36
173            android:label="@string/app_label"
173-->src\main\AndroidManifest.xml:138:13-46
174            android:theme="@android:style/Theme.NoDisplay" >
174-->src\main\AndroidManifest.xml:139:13-59
175            <intent-filter android:priority="50" >
175-->src\main\AndroidManifest.xml:141:13-163:29
175-->src\main\AndroidManifest.xml:142:16-37
176                <action android:name="android.intent.action.VIEW" />
176-->src\main\AndroidManifest.xml:45:13-65
176-->src\main\AndroidManifest.xml:45:21-62
177
178                <category android:name="android.intent.category.DEFAULT" />
178-->src\main\AndroidManifest.xml:74:17-76
178-->src\main\AndroidManifest.xml:74:27-73
179                <category android:name="android.intent.category.BROWSABLE" />
179-->src\main\AndroidManifest.xml:46:13-74
179-->src\main\AndroidManifest.xml:46:23-71
180
181                <data
181-->src\main\AndroidManifest.xml:47:13-43
182                    android:host="www.google.com"
182-->src\main\AndroidManifest.xml:82:23-58
183                    android:pathPrefix="/calendar/event"
183-->src\main\AndroidManifest.xml:149:21-57
184                    android:scheme="http" />
184-->src\main\AndroidManifest.xml:47:19-40
185                <data
185-->src\main\AndroidManifest.xml:47:13-43
186                    android:host="www.google.com"
186-->src\main\AndroidManifest.xml:82:23-58
187                    android:pathPrefix="/calendar/event"
187-->src\main\AndroidManifest.xml:149:21-57
188                    android:scheme="https" />
188-->src\main\AndroidManifest.xml:47:19-40
189                <data
189-->src\main\AndroidManifest.xml:47:13-43
190                    android:host="www.google.com"
190-->src\main\AndroidManifest.xml:82:23-58
191                    android:pathPattern="/calendar/hosted/.*/event"
191-->src\main\AndroidManifest.xml:157:21-68
192                    android:scheme="http" />
192-->src\main\AndroidManifest.xml:47:19-40
193                <data
193-->src\main\AndroidManifest.xml:47:13-43
194                    android:host="www.google.com"
194-->src\main\AndroidManifest.xml:82:23-58
195                    android:pathPattern="/calendar/hosted/.*/event"
195-->src\main\AndroidManifest.xml:157:21-68
196                    android:scheme="https" />
196-->src\main\AndroidManifest.xml:47:19-40
197            </intent-filter>
198        </activity>
199        <activity
199-->src\main\AndroidManifest.xml:166:9-169:82
200            android:name="com.android.calendar.settings.SettingsActivity"
200-->src\main\AndroidManifest.xml:167:13-74
201            android:label="@string/preferences_title"
201-->src\main\AndroidManifest.xml:168:13-54
202            android:parentActivityName="com.android.calendar.AllInOneActivity" />
202-->src\main\AndroidManifest.xml:169:13-79
203
204        <!-- Declarations for search -->
205        <!-- Make all activities a searchable context -->
206        <meta-data
206-->src\main\AndroidManifest.xml:173:9-174:66
207            android:name="android.app.default_searchable"
207-->src\main\AndroidManifest.xml:173:20-65
208            android:value="com.android.calendar.SearchActivity" />
208-->src\main\AndroidManifest.xml:174:13-64
209
210        <activity
210-->src\main\AndroidManifest.xml:176:9-186:20
211            android:name="com.android.calendar.SearchActivity"
211-->src\main\AndroidManifest.xml:177:13-63
212            android:exported="true"
212-->src\main\AndroidManifest.xml:178:13-36
213            android:label="@string/search_title"
213-->src\main\AndroidManifest.xml:179:13-49
214            android:launchMode="singleTop"
214-->src\main\AndroidManifest.xml:180:13-43
215            android:windowSoftInputMode="stateAlwaysHidden" >
215-->src\main\AndroidManifest.xml:181:13-60
216            <intent-filter>
216-->src\main\AndroidManifest.xml:182:13-184:29
217                <action android:name="android.intent.action.SEARCH" />
217-->src\main\AndroidManifest.xml:183:17-70
217-->src\main\AndroidManifest.xml:183:25-68
218            </intent-filter>
219
220            <meta-data
220-->src\main\AndroidManifest.xml:185:13-98
221                android:name="android.app.searchable"
221-->src\main\AndroidManifest.xml:185:24-61
222                android:resource="@xml/searchable" />
222-->src\main\AndroidManifest.xml:185:62-96
223        </activity>
224        <activity
224-->src\main\AndroidManifest.xml:188:9-201:20
225            android:name="com.android.calendar.ImportActivity"
225-->src\main\AndroidManifest.xml:188:19-69
226            android:exported="true"
226-->src\main\AndroidManifest.xml:189:13-36
227            android:launchMode="singleTop"
227-->src\main\AndroidManifest.xml:191:13-43
228            android:theme="@android:style/Theme.NoDisplay" >
228-->src\main\AndroidManifest.xml:190:13-59
229            <intent-filter>
229-->src\main\AndroidManifest.xml:192:14-200:29
230                <action android:name="android.intent.action.VIEW" />
230-->src\main\AndroidManifest.xml:45:13-65
230-->src\main\AndroidManifest.xml:45:21-62
231
232                <category android:name="android.intent.category.DEFAULT" />
232-->src\main\AndroidManifest.xml:74:17-76
232-->src\main\AndroidManifest.xml:74:27-73
233
234                <data android:scheme="content" />
234-->src\main\AndroidManifest.xml:47:13-43
234-->src\main\AndroidManifest.xml:47:19-40
235                <data android:scheme="file" />
235-->src\main\AndroidManifest.xml:47:13-43
235-->src\main\AndroidManifest.xml:47:19-40
236                <data android:mimeType="text/x-vcalendar" />
236-->src\main\AndroidManifest.xml:47:13-43
236-->src\main\AndroidManifest.xml:81:23-52
237                <data android:mimeType="text/calendar" />
237-->src\main\AndroidManifest.xml:47:13-43
237-->src\main\AndroidManifest.xml:81:23-52
238                <data android:mimeType="application/ics" />
238-->src\main\AndroidManifest.xml:47:13-43
238-->src\main\AndroidManifest.xml:81:23-52
239            </intent-filter>
240        </activity>
241
242        <provider
243            android:name="androidx.core.content.FileProvider"
243-->src\main\AndroidManifest.xml:204:13-62
244            android:authorities="ws.xsoh.etar.debug.provider"
244-->src\main\AndroidManifest.xml:205:13-60
245            android:exported="false"
245-->src\main\AndroidManifest.xml:206:13-37
246            android:grantUriPermissions="true" >
246-->src\main\AndroidManifest.xml:207:13-47
247            <meta-data
247-->src\main\AndroidManifest.xml:208:13-210:57
248                android:name="android.support.FILE_PROVIDER_PATHS"
248-->src\main\AndroidManifest.xml:209:17-67
249                android:resource="@xml/provider_paths" />
249-->src\main\AndroidManifest.xml:210:17-55
250        </provider>
251        <provider
252            android:name="com.android.calendar.CalendarRecentSuggestionsProvider"
252-->src\main\AndroidManifest.xml:213:19-88
253            android:authorities="ws.xsoh.etar.debug.CalendarRecentSuggestionsProvider"
253-->src\main\AndroidManifest.xml:215:13-85
254            android:exported="false" />
254-->src\main\AndroidManifest.xml:214:13-37
255
256        <!-- Declarations for alerts/reminders -->
257        <activity
257-->src\main\AndroidManifest.xml:218:9-222:64
258            android:name="com.android.calendar.alerts.AlertActivity"
258-->src\main\AndroidManifest.xml:219:13-69
259            android:excludeFromRecents="true"
259-->src\main\AndroidManifest.xml:220:13-46
260            android:launchMode="singleInstance"
260-->src\main\AndroidManifest.xml:221:13-48
261            android:theme="@android:style/Theme.Holo.Dialog" />
261-->src\main\AndroidManifest.xml:222:13-61
262        <activity
262-->src\main\AndroidManifest.xml:224:9-229:64
263            android:name="com.android.calendar.alerts.QuickResponseActivity"
263-->src\main\AndroidManifest.xml:225:13-77
264            android:excludeFromRecents="true"
264-->src\main\AndroidManifest.xml:226:13-46
265            android:label="@string/quick_response_dialog_title"
265-->src\main\AndroidManifest.xml:227:13-64
266            android:launchMode="singleInstance"
266-->src\main\AndroidManifest.xml:228:13-48
267            android:theme="@android:style/Theme.Holo.Dialog" />
267-->src\main\AndroidManifest.xml:229:13-61
268        <activity
268-->src\main\AndroidManifest.xml:231:9-235:64
269            android:name="com.android.calendar.alerts.SnoozeDelayActivity"
269-->src\main\AndroidManifest.xml:232:13-75
270            android:excludeFromRecents="true"
270-->src\main\AndroidManifest.xml:233:13-46
271            android:launchMode="singleInstance"
271-->src\main\AndroidManifest.xml:234:13-48
272            android:theme="@android:style/Theme.Holo.Dialog" />
272-->src\main\AndroidManifest.xml:235:13-61
273
274        <receiver
274-->src\main\AndroidManifest.xml:237:9-252:20
275            android:name="com.android.calendar.alerts.AlertReceiver"
275-->src\main\AndroidManifest.xml:237:19-75
276            android:exported="true" >
276-->src\main\AndroidManifest.xml:238:13-36
277            <intent-filter>
277-->src\main\AndroidManifest.xml:239:13-243:29
278                <action android:name="android.intent.action.EVENT_REMINDER" />
278-->src\main\AndroidManifest.xml:240:17-79
278-->src\main\AndroidManifest.xml:240:25-76
279                <action android:name="android.intent.action.TIME_SET" />
279-->src\main\AndroidManifest.xml:241:17-73
279-->src\main\AndroidManifest.xml:241:25-70
280
281                <data android:scheme="content" />
281-->src\main\AndroidManifest.xml:47:13-43
281-->src\main\AndroidManifest.xml:47:19-40
282            </intent-filter>
283            <intent-filter>
283-->src\main\AndroidManifest.xml:244:13-246:29
284                <action android:name="android.intent.action.LOCALE_CHANGED" />
284-->src\main\AndroidManifest.xml:245:17-79
284-->src\main\AndroidManifest.xml:245:25-76
285            </intent-filter>
286            <intent-filter>
286-->src\main\AndroidManifest.xml:247:13-251:29
287                <action android:name="android.intent.action.PROVIDER_CHANGED" />
287-->src\main\AndroidManifest.xml:248:17-80
287-->src\main\AndroidManifest.xml:248:25-78
288
289                <data android:scheme="content" />
289-->src\main\AndroidManifest.xml:47:13-43
289-->src\main\AndroidManifest.xml:47:19-40
290                <data android:host="com.android.calendar" />
290-->src\main\AndroidManifest.xml:47:13-43
290-->src\main\AndroidManifest.xml:82:23-58
291            </intent-filter>
292        </receiver>
293        <receiver
293-->src\main\AndroidManifest.xml:254:9-263:20
294            android:name="com.android.calendar.UpgradeReceiver"
294-->src\main\AndroidManifest.xml:254:19-70
295            android:exported="true" >
295-->src\main\AndroidManifest.xml:255:13-36
296            <intent-filter>
296-->src\main\AndroidManifest.xml:256:13-259:29
297                <action android:name="android.intent.action.BOOT_COMPLETED" />
297-->src\main\AndroidManifest.xml:257:17-79
297-->src\main\AndroidManifest.xml:257:25-76
298
299                <category android:name="android.intent.category.DEFAULT" />
299-->src\main\AndroidManifest.xml:74:17-76
299-->src\main\AndroidManifest.xml:74:27-73
300            </intent-filter>
301            <intent-filter>
301-->src\main\AndroidManifest.xml:260:13-262:29
302                <action android:name="android.intent.action.MY_PACKAGE_REPLACED" />
302-->src\main\AndroidManifest.xml:261:17-84
302-->src\main\AndroidManifest.xml:261:25-81
303            </intent-filter>
304        </receiver>
305
306        <service
306-->src\main\AndroidManifest.xml:265:9-267:62
307            android:name="com.android.calendar.alerts.AlertService"
307-->src\main\AndroidManifest.xml:265:18-73
308            android:exported="false"
308-->src\main\AndroidManifest.xml:266:13-37
309            android:foregroundServiceType="systemExempted" />
309-->src\main\AndroidManifest.xml:267:13-59
310        <service android:name="com.android.calendar.alerts.DismissAlarmsService" />
310-->src\main\AndroidManifest.xml:269:9-84
310-->src\main\AndroidManifest.xml:269:18-81
311        <service android:name="com.android.calendar.alerts.SnoozeAlarmsService" />
311-->src\main\AndroidManifest.xml:271:9-83
311-->src\main\AndroidManifest.xml:271:18-80
312
313        <!-- Declarations for the widget -->
314        <receiver
314-->src\main\AndroidManifest.xml:274:9-281:20
315            android:name="com.android.calendar.widget.CalendarAppWidgetProvider"
315-->src\main\AndroidManifest.xml:274:19-87
316            android:exported="true" >
316-->src\main\AndroidManifest.xml:275:13-36
317            <intent-filter>
317-->src\main\AndroidManifest.xml:276:13-279:29
318                <action android:name="android.appwidget.action.APPWIDGET_UPDATE" />
318-->src\main\AndroidManifest.xml:277:17-84
318-->src\main\AndroidManifest.xml:277:25-81
319                <action android:name="com.android.calendar.APPWIDGET_UPDATE" />
319-->src\main\AndroidManifest.xml:278:17-80
319-->src\main\AndroidManifest.xml:278:25-77
320            </intent-filter>
321
322            <meta-data
322-->src\main\AndroidManifest.xml:280:13-107
323                android:name="android.appwidget.provider"
323-->src\main\AndroidManifest.xml:280:24-65
324                android:resource="@xml/appwidget_info" />
324-->src\main\AndroidManifest.xml:280:66-104
325        </receiver>
326        <receiver
326-->src\main\AndroidManifest.xml:283:9-302:20
327            android:name="com.android.calendar.widget.CalendarAppWidgetService$CalendarFactory"
327-->src\main\AndroidManifest.xml:283:19-102
328            android:exported="true" >
328-->src\main\AndroidManifest.xml:284:13-36
329            <intent-filter>
329-->src\main\AndroidManifest.xml:285:13-290:29
330                <action android:name="android.intent.action.TIMEZONE_CHANGED" />
330-->src\main\AndroidManifest.xml:286:17-80
330-->src\main\AndroidManifest.xml:286:25-78
331                <action android:name="android.intent.action.DATE_CHANGED" />
331-->src\main\AndroidManifest.xml:287:17-76
331-->src\main\AndroidManifest.xml:287:25-74
332                <action android:name="android.intent.action.TIME_SET" />
332-->src\main\AndroidManifest.xml:241:17-73
332-->src\main\AndroidManifest.xml:241:25-70
333                <action android:name="android.intent.action.LOCALE_CHANGED" />
333-->src\main\AndroidManifest.xml:245:17-79
333-->src\main\AndroidManifest.xml:245:25-76
334            </intent-filter>
335            <intent-filter>
335-->src\main\AndroidManifest.xml:247:13-251:29
336                <action android:name="android.intent.action.PROVIDER_CHANGED" />
336-->src\main\AndroidManifest.xml:248:17-80
336-->src\main\AndroidManifest.xml:248:25-78
337
338                <data android:scheme="content" />
338-->src\main\AndroidManifest.xml:47:13-43
338-->src\main\AndroidManifest.xml:47:19-40
339                <data android:host="com.android.calendar" />
339-->src\main\AndroidManifest.xml:47:13-43
339-->src\main\AndroidManifest.xml:82:23-58
340            </intent-filter>
341            <intent-filter>
341-->src\main\AndroidManifest.xml:296:13-301:29
342                <action android:name="com.android.calendar.APPWIDGET_SCHEDULED_UPDATE" />
342-->src\main\AndroidManifest.xml:297:17-89
342-->src\main\AndroidManifest.xml:297:25-87
343
344                <data android:scheme="content" />
344-->src\main\AndroidManifest.xml:47:13-43
344-->src\main\AndroidManifest.xml:47:19-40
345                <data android:host="com.android.calendar" />
345-->src\main\AndroidManifest.xml:47:13-43
345-->src\main\AndroidManifest.xml:82:23-58